Added Pin To Net: NetName=GND Pin=1-1
Added Pin To Net: NetName=5V Pin=1-2
Added Pin To Net: NetName=GND Pin=2-1
Added Pin To Net: NetName=5V Pin=2-2
Added Pin To Net: NetName=GND Pin=3-1
Added Pin To Net: NetName=5V Pin=3-2
Added Pin To Net: NetName=GND Pin=4-1
Added Pin To Net: NetName=5V Pin=4-2
Added Pin To Net: NetName=GND Pin=5-1
Added Pin To Net: NetName=5V Pin=5-2
Added Pin To Net: NetName=GND Pin=6-1
Added Pin To Net: NetName=5V Pin=6-2
Added Pin To Net: NetName=GND Pin=7-1
Added Pin To Net: NetName=5V Pin=7-2
Added Pin To Net: NetName=GND Pin=8-1
Added Pin To Net: NetName=5V Pin=8-2
Added Pin To Net: NetName=GND Pin=9-1
Added Pin To Net: NetName=5V Pin=9-2
Added Pin To Net: NetName=5V Pin=R2-1
Added Pin To Net: NetName=5V Pin=R3-1
Added Pin To Net: NetName=5V Pin=R4-1
Added Pin To Net: NetName=5V Pin=R5-1
Added Pin To Net: NetName=5V Pin=R6-1
Added Pin To Net: NetName=5V Pin=R7-1
Added Pin To Net: NetName=5V Pin=R8-1
Added Pin To Net: NetName=5V Pin=R9-1
Added Pin To Net: NetName=5V Pin=R10-1
Added Pin To Net: NetName=5V Pin=R11-1
Added Pin To Net: NetName=GND Pin=Reset-1
Added Pin To Net: NetName=5V Pin=Reset-2
